#Unconstrained setup timing startpoint/endpoint

timing_node_id node_type node_name
-------------- --------- ---------
5800 Q_FRAG hro_dff_Q.QZ[0]
5801 Q_FRAG hro_dff_Q_1.QZ[0]
5802 Q_FRAG hro_dff_Q_2.QZ[0]
5803 Q_FRAG hro_dff_Q_3.QZ[0]
5804 Q_FRAG hrt_dff_Q.QZ[0]
5805 Q_FRAG hrt_dff_Q_1.QZ[0]
5806 Q_FRAG hrt_dff_Q_2.QZ[0]
5807 Q_FRAG hrt_dff_Q_3.QZ[0]
5813 Q_FRAG hto_dff_Q.QZ[0]
5814 Q_FRAG hto_dff_Q_1.QZ[0]
5815 Q_FRAG hto_dff_Q_2.QZ[0]
5817 Q_FRAG htt_dff_Q.QZ[0]
5818 Q_FRAG htt_dff_Q_1.QZ[0]
5819 Q_FRAG htt_dff_Q_2.QZ[0]
5820 Q_FRAG htt_dff_Q_3.QZ[0]
5860 Q_FRAG mino_dff_Q.QZ[0]
5861 Q_FRAG mino_dff_Q_1.QZ[0]
5862 Q_FRAG mino_dff_Q_2.QZ[0]
5864 Q_FRAG mint_dff_Q.QZ[0]
5865 Q_FRAG mint_dff_Q_1.QZ[0]
5866 Q_FRAG mint_dff_Q_2.QZ[0]
5867 Q_FRAG mint_dff_Q_3.QZ[0]
5873 Q_FRAG mto_dff_Q.QZ[0]
5874 Q_FRAG mto_dff_Q_1.QZ[0]
5875 Q_FRAG mto_dff_Q_2.QZ[0]
5877 Q_FRAG mtt_dff_Q.QZ[0]
5878 Q_FRAG mtt_dff_Q_1.QZ[0]
5879 Q_FRAG mtt_dff_Q_2.QZ[0]
5880 Q_FRAG mtt_dff_Q_3.QZ[0]
5913 Q_FRAG seco_dff_Q.QZ[0]
5914 Q_FRAG seco_dff_Q_1.QZ[0]
5915 Q_FRAG seco_dff_Q_2.QZ[0]
5916 Q_FRAG seco_dff_Q_3.QZ[0]
5917 Q_FRAG sect_dff_Q.QZ[0]
5918 Q_FRAG sect_dff_Q_1.QZ[0]
5919 Q_FRAG sect_dff_Q_2.QZ[0]
5920 Q_FRAG sect_dff_Q_3.QZ[0]
5926 Q_FRAG sto_dff_Q.QZ[0]
5927 Q_FRAG sto_dff_Q_1.QZ[0]
5928 Q_FRAG sto_dff_Q_2.QZ[0]
5930 Q_FRAG stt_dff_Q.QZ[0]
5931 Q_FRAG stt_dff_Q_1.QZ[0]
5932 Q_FRAG stt_dff_Q_2.QZ[0]
5933 Q_FRAG stt_dff_Q_3.QZ[0]

#End of unconstrained setup startpoint/endpoint report
